
# 5.9s user time, 30ms system time, 34.86M rss, 389.99G vsz
# Current date: Mon Nov  6 23:22:42 2023
# Hostname: YusukenoMac-mini.local
# Files: slowquery/log/mysql-slow.log
# Overall: 164.09k total, 15 unique, 2.10k QPS, 1.56x concurrency ________
# Time range: 2023-11-06T14:20:48 to 2023-11-06T14:22:06
# Attribute          total     min     max     avg     95%  stddev  median
# ============     ======= ======= ======= ======= ======= ======= =======
# Exec time           122s     1us      2s   743us     1ms    14ms    49us
# Lock time             2s       0    15ms    10us     1us   168us       0
# Rows sent        1000.88k       0   4.83k    6.25    0.99  110.93       0
# Rows examine      18.40M       0   3.08M  117.55    0.99   7.85k       0
# Query size         6.69M      27     167   42.74  136.99   27.32   31.70

# Profile
# Rank Query ID                            Response time Calls R/Call V/M 
# ==== =================================== ============= ===== ====== ====
#    1 0x676347F321DB8BC7FCB05D4948FC2248  89.7617 73.6%  6806 0.0132  0.30 SELECT visit_history
#    2 0x94A9E43DFAAFA029A1FC19A5563AD0F5  17.9094 14.7% 28316 0.0006  0.00 REPLACE id_generator
#    3 0xDA556F9115773A1A99AA0165670CE848   6.1259  5.0% 53787 0.0001  0.00 ADMIN PREPARE
#    4 0x2E69352DE16B15042A1217500A0400FE   2.5961  2.1%  4225 0.0006  0.00 INSERT visit_history
# MISC 0xMISC                               5.6341  4.6% 70957 0.0001   0.0 <11 ITEMS>

# Query 1: 95.86 QPS, 1.26x concurrency, ID 0x676347F321DB8BC7FCB05D4948FC2248 at byte 17032889
# This item is included in the report because it matches --limit.
# Scores: V/M = 0.30
# Time range: 2023-11-06T14:20:52 to 2023-11-06T14:22:03
# Attribute    pct   total     min     max     avg     95%  stddev  median
# ============ === ======= ======= ======= ======= ======= ======= =======
# Count          4    6806
# Exec time     73     90s   140us   806ms    13ms    22ms    63ms     3ms
# Lock time      1    18ms       0     1ms     2us     1us    24us     1us
# Rows sent     97 980.69k       0   4.83k  147.55  174.84  526.11   65.89
# Rows examine  83  15.30M       0  77.75k   2.30k   2.76k   8.26k   1.04k
# Query size    13 949.71k     141     144  142.89  136.99    0.57  136.99
# String:
# Databases    isuports
# Hosts        localhost
# Users        isucon
# Query_time distribution
#   1us
#  10us
# 100us  ##################
#   1ms  ################################################################
#  10ms  ####################
# 100ms  #
#    1s
#  10s+
# Tables
#    SHOW TABLE STATUS FROM `isuports` LIKE 'visit_history'\G
#    SHOW CREATE TABLE `isuports`.`visit_history`\G
# EXPLAIN /*!50100 PARTITIONS*/
SELECT player_id, MIN(created_at) AS min_created_at FROM visit_history WHERE tenant_id = 1 AND competition_id = '37ee070b2' GROUP BY player_id\G

# Query 2: 416.41 QPS, 0.26x concurrency, ID 0x94A9E43DFAAFA029A1FC19A5563AD0F5 at byte 16778548
# This item is included in the report because it matches --limit.
# Scores: V/M = 0.00
# Time range: 2023-11-06T14:20:52 to 2023-11-06T14:22:00
# Attribute    pct   total     min     max     avg     95%  stddev  median
# ============ === ======= ======= ======= ======= ======= ======= =======
# Count         17   28316
# Exec time     14     18s    88us    27ms   632us     2ms     1ms   236us
# Lock time     96      2s       0    15ms    58us   194us   402us     1us
# Rows sent      0       0       0       0       0       0       0       0
# Rows examine   0       0       0       0       0       0       0       0
# Query size    18   1.22M      45      45      45      45       0      45
# String:
# Databases    isuports
# Hosts        localhost
# Users        isucon
# Query_time distribution
#   1us
#  10us  #
# 100us  ################################################################
#   1ms  ########
#  10ms  #
# 100ms
#    1s
#  10s+
# Tables
#    SHOW TABLE STATUS FROM `isuports` LIKE 'id_generator'\G
#    SHOW CREATE TABLE `isuports`.`id_generator`\G
REPLACE INTO id_generator (stub) VALUES ('a')\G

# Query 3: 717.16 QPS, 0.08x concurrency, ID 0xDA556F9115773A1A99AA0165670CE848 at byte 1041206
# This item is included in the report because it matches --limit.
# Scores: V/M = 0.00
# Time range: 2023-11-06T14:20:51 to 2023-11-06T14:22:06
# Attribute    pct   total     min     max     avg     95%  stddev  median
# ============ === ======= ======= ======= ======= ======= ======= =======
# Count         32   53787
# Exec time      5      6s    14us    74ms   113us   301us   713us    52us
# Lock time      0       0       0       0       0       0       0       0
# Rows sent      0       0       0       0       0       0       0       0
# Rows examine   0       0       0       0       0       0       0       0
# Query size    23   1.54M      30      30      30      30       0      30
# String:
# Databases    isuports
# Hosts        localhost
# Users        isucon
# Query_time distribution
#   1us
#  10us  ################################################################
# 100us  ##########
#   1ms  #
#  10ms  #
# 100ms
#    1s
#  10s+
administrator command: Prepare\G

# Query 4: 58.68 QPS, 0.04x concurrency, ID 0x2E69352DE16B15042A1217500A0400FE at byte 28671930
# This item is included in the report because it matches --limit.
# Scores: V/M = 0.00
# Time range: 2023-11-06T14:20:54 to 2023-11-06T14:22:06
# Attribute    pct   total     min     max     avg     95%  stddev  median
# ============ === ======= ======= ======= ======= ======= ======= =======
# Count          2    4225
# Exec time      2      3s    80us    26ms   614us     2ms     1ms   194us
# Lock time      0     9ms       0     1ms     2us     1us    26us     1us
# Rows sent      0       0       0       0       0       0       0       0
# Rows examine   0       0       0       0       0       0       0       0
# Query size     8 613.92k     147     150  148.79  143.84       0  143.84
# String:
# Databases    isuports
# Hosts        localhost
# Users        isucon
# Query_time distribution
#   1us
#  10us  #
# 100us  ################################################################
#   1ms  ###########
#  10ms  #
# 100ms
#    1s
#  10s+
# Tables
#    SHOW TABLE STATUS FROM `isuports` LIKE 'visit_history'\G
#    SHOW CREATE TABLE `isuports`.`visit_history`\G
INSERT INTO visit_history (player_id, tenant_id, competition_id, created_at, updated_at) VALUES ('9fa54183', 953, '9fa56b50', 1699280505, 1699280505)\G
