
# 5.8s user time, 50ms system time, 34.69M rss, 389.87G vsz
# Current date: Tue Nov  7 02:21:15 2023
# Hostname: YusukenoMac-mini.local
# Files: slowquery/log/mysql-slow.log
# Overall: 163.00k total, 14 unique, 2.36k QPS, 1.94x concurrency ________
# Time range: 2023-11-06T17:18:45 to 2023-11-06T17:19:54
# Attribute          total     min     max     avg     95%  stddev  median
# ============     ======= ======= ======= ======= ======= ======= =======
# Exec time           134s     1us      4s   821us     1ms    17ms    49us
# Lock time           93ms       0     4ms       0     1us    11us       0
# Rows sent          1.41M       0   4.82k    9.10   11.95  141.82       0
# Rows examine      24.89M       0   3.08M  160.15   40.45   7.99k       0
# Query size         7.34M      27     164   47.23  136.99   33.40   31.70

# Profile
# Rank Query ID                            Response time  Calls R/Call V/M
# ==== =================================== ============== ===== ====== ===
#    1 0x676347F321DB8BC7FCB05D4948FC2248  116.7610 87.2%  9692 0.0120  0.29 SELECT visit_history
#    2 0xDA556F9115773A1A99AA0165670CE848    4.7391  3.5% 53363 0.0001  0.01 ADMIN PREPARE
#    3 0x57AC6CF9E75AF6673635BEFFE5F2117E    3.9743  3.0% 27342 0.0001  0.00 SELECT tenant
#    4 0x3289E87E94D5A82E348974B3D332E575    3.6536  2.7%     1 3.6536  0.00 DELETE visit_history
# MISC 0xMISC                                4.7238  3.5% 72602 0.0001   0.0 <10 ITEMS>

# Query 1: 151.44 QPS, 1.82x concurrency, ID 0x676347F321DB8BC7FCB05D4948FC2248 at byte 16399392
# This item is included in the report because it matches --limit.
# Scores: V/M = 0.29
# Time range: 2023-11-06T17:18:50 to 2023-11-06T17:19:54
# Attribute    pct   total     min     max     avg     95%  stddev  median
# ============ === ======= ======= ======= ======= ======= ======= =======
# Count          5    9692
# Exec time     87    117s   120us   800ms    12ms    21ms    59ms     2ms
# Lock time     21    20ms       0     1ms     2us     1us    19us     1us
# Rows sent     97   1.37M       0   4.82k  148.54  174.84  564.39   56.92
# Rows examine  87  21.77M       0  77.75k   2.30k   2.76k   8.86k  874.75
# Query size    17   1.32M     137     144  142.35  136.99    0.54  136.99
# String:
# Databases    isuports
# Hosts        localhost
# Users        isucon
# Query_time distribution
#   1us
#  10us
# 100us  #####################################
#   1ms  ################################################################
#  10ms  #################
# 100ms  ##
#    1s
#  10s+
# Tables
#    SHOW TABLE STATUS FROM `isuports` LIKE 'visit_history'\G
#    SHOW CREATE TABLE `isuports`.`visit_history`\G
# EXPLAIN /*!50100 PARTITIONS*/
SELECT player_id, MIN(created_at) AS min_created_at FROM visit_history WHERE tenant_id = 1 AND competition_id = '37ee070b2' GROUP BY player_id\G

# Query 2: 820.97 QPS, 0.07x concurrency, ID 0xDA556F9115773A1A99AA0165670CE848 at byte 5957271
# This item is included in the report because it matches --limit.
# Scores: V/M = 0.01
# Time range: 2023-11-06T17:18:49 to 2023-11-06T17:19:54
# Attribute    pct   total     min     max     avg     95%  stddev  median
# ============ === ======= ======= ======= ======= ======= ======= =======
# Count         32   53363
# Exec time      3      5s    17us    97ms    88us   131us   707us    49us
# Lock time      0       0       0       0       0       0       0       0
# Rows sent      0       0       0       0       0       0       0       0
# Rows examine   0       0       0       0       0       0       0       0
# Query size    20   1.53M      30      30      30      30       0      30
# String:
# Databases    isuports
# Hosts        localhost
# Users        isucon
# Query_time distribution
#   1us
#  10us  ################################################################
# 100us  #####
#   1ms  #
#  10ms  #
# 100ms  #
#    1s
#  10s+
administrator command: Prepare\G

# Query 3: 427.22 QPS, 0.06x concurrency, ID 0x57AC6CF9E75AF6673635BEFFE5F2117E at byte 2165852
# This item is included in the report because it matches --limit.
# Scores: V/M = 0.00
# Time range: 2023-11-06T17:18:50 to 2023-11-06T17:19:54
# Attribute    pct   total     min     max     avg     95%  stddev  median
# ============ === ======= ======= ======= ======= ======= ======= =======
# Count         16   27342
# Exec time      2      4s    38us    19ms   145us   403us   371us    76us
# Lock time     49    46ms       0     4ms     1us     1us    24us     1us
# Rows sent      1  26.70k       0       1    1.00    0.99    0.01    0.99
# Rows examine   0  26.70k       0       1    1.00    0.99    0.01    0.99
# Query size    18   1.35M      42      58   51.73   56.92    4.45   51.63
# String:
# Databases    isuports
# Hosts        localhost
# Users        isucon
# Query_time distribution
#   1us
#  10us  ################################################################
# 100us  ###########
#   1ms  #
#  10ms  #
# 100ms
#    1s
#  10s+
# Tables
#    SHOW TABLE STATUS FROM `isuports` LIKE 'tenant'\G
#    SHOW CREATE TABLE `isuports`.`tenant`\G
# EXPLAIN /*!50100 PARTITIONS*/
SELECT * FROM tenant WHERE name = 't-gin-1699291138'\G

# Query 4: 0 QPS, 0x concurrency, ID 0x3289E87E94D5A82E348974B3D332E575 at byte 663
# This item is included in the report because it matches --limit.
# Scores: V/M = 0.00
# Time range: all events occurred at 2023-11-06T17:18:48
# Attribute    pct   total     min     max     avg     95%  stddev  median
# ============ === ======= ======= ======= ======= ======= ======= =======
# Count          0       1
# Exec time      2      4s      4s      4s      4s      4s       0      4s
# Lock time      0     9us     9us     9us     9us     9us       0     9us
# Rows sent      0       0       0       0       0       0       0       0
# Rows examine  12   3.08M   3.08M   3.08M   3.08M   3.08M       0   3.08M
# Query size     0      58      58      58      58      58       0      58
# String:
# Databases    isuports
# Hosts        localhost
# Users        isucon
# Query_time distribution
#   1us
#  10us
# 100us
#   1ms
#  10ms
# 100ms
#    1s  ################################################################
#  10s+
# Tables
#    SHOW TABLE STATUS FROM `isuports` LIKE 'visit_history'\G
#    SHOW CREATE TABLE `isuports`.`visit_history`\G
DELETE FROM visit_history WHERE created_at >= '1654041600'\G
# Converted for EXPLAIN
# EXPLAIN /*!50100 PARTITIONS*/
select * from  visit_history WHERE created_at >= '1654041600'\G
